2021-04-01 19:28:59.340 [restartedMain] WARN  org.mybatis.spring.mapper.ClassPathMapperScanner - No MyBatis mapper was found in '[com.atguigu.hospital.mapper]' package. Please check your configuration.
2021-04-01 19:29:01.350 [restartedMain] WARN  org.thymeleaf.templatemode.TemplateMode - [THYMELEAF][restartedMain] Template Mode 'LEGACYHTML5' is deprecated. Using Template Mode 'HTML' instead.
2021-04-01 19:50:38.877 [restartedMain] WARN  org.mybatis.spring.mapper.ClassPathMapperScanner - No MyBatis mapper was found in '[com.atguigu.hospital.mapper]' package. Please check your configuration.
2021-04-01 19:50:41.223 [restartedMain] WARN  org.thymeleaf.templatemode.TemplateMode - [THYMELEAF][restartedMain] Template Mode 'LEGACYHTML5' is deprecated. Using Template Mode 'HTML' instead.
2021-04-01 21:35:26.844 [restartedMain] WARN  org.mybatis.spring.mapper.ClassPathMapperScanner - No MyBatis mapper was found in '[com.atguigu.hospital.mapper]' package. Please check your configuration.
2021-04-01 21:35:29.077 [restartedMain] WARN  org.thymeleaf.templatemode.TemplateMode - [THYMELEAF][restartedMain] Template Mode 'LEGACYHTML5' is deprecated. Using Template Mode 'HTML' instead.
2021-04-01 22:12:18.922 [restartedMain] WARN  org.mybatis.spring.mapper.ClassPathMapperScanner - No MyBatis mapper was found in '[com.atguigu.hospital.mapper]' package. Please check your configuration.
2021-04-01 22:12:20.706 [restartedMain] WARN  org.thymeleaf.templatemode.TemplateMode - [THYMELEAF][restartedMain] Template Mode 'LEGACYHTML5' is deprecated. Using Template Mode 'HTML' instead.
2021-04-01 22:15:58.219 [GuliHikariPool housekeeper] WARN  com.zaxxer.hikari.pool.HikariPool - GuliHikariPool - Thread starvation or clock leap detected (housekeeper delta=2m37s969ms513µs500ns).
2021-04-01 22:15:58.285 [http-nio-9998-exec-1] WARN  o.s.w.s.m.m.a.ExceptionHandlerExceptionResolver - Resolved [org.apache.catalina.connector.ClientAbortException: java.io.IOException: 你的主机中的软件中止了一个已建立的连接。]
2021-04-01 22:16:10.603 [restartedMain] WARN  org.mybatis.spring.mapper.ClassPathMapperScanner - No MyBatis mapper was found in '[com.atguigu.hospital.mapper]' package. Please check your configuration.
2021-04-01 22:16:12.353 [restartedMain] WARN  o.s.b.d.autoconfigure.OptionalLiveReloadServer - Unable to start LiveReload server
2021-04-01 22:16:12.419 [restartedMain] WARN  org.thymeleaf.templatemode.TemplateMode - [THYMELEAF][restartedMain] Template Mode 'LEGACYHTML5' is deprecated. Using Template Mode 'HTML' instead.
2021-04-01 22:18:39.907 [restartedMain] WARN  org.mybatis.spring.mapper.ClassPathMapperScanner - No MyBatis mapper was found in '[com.atguigu.hospital.mapper]' package. Please check your configuration.
2021-04-01 22:18:41.791 [restartedMain] WARN  org.thymeleaf.templatemode.TemplateMode - [THYMELEAF][restartedMain] Template Mode 'LEGACYHTML5' is deprecated. Using Template Mode 'HTML' instead.
2021-04-01 22:19:34.375 [restartedMain] WARN  org.mybatis.spring.mapper.ClassPathMapperScanner - No MyBatis mapper was found in '[com.atguigu.hospital.mapper]' package. Please check your configuration.
2021-04-01 22:19:36.832 [restartedMain] WARN  org.thymeleaf.templatemode.TemplateMode - [THYMELEAF][restartedMain] Template Mode 'LEGACYHTML5' is deprecated. Using Template Mode 'HTML' instead.
2021-04-01 22:36:14.615 [restartedMain] WARN  org.mybatis.spring.mapper.ClassPathMapperScanner - No MyBatis mapper was found in '[com.atguigu.hospital.mapper]' package. Please check your configuration.
2021-04-01 22:36:16.644 [restartedMain] WARN  org.thymeleaf.templatemode.TemplateMode - [THYMELEAF][restartedMain] Template Mode 'LEGACYHTML5' is deprecated. Using Template Mode 'HTML' instead.
2021-04-01 22:36:50.766 [http-nio-9998-exec-1] WARN  o.s.w.s.m.m.a.ExceptionHandlerExceptionResolver - Resolved [java.lang.NumberFormatException: For input string: "60587b5363cf491f4d17968c"]
2021-04-01 22:37:31.744 [http-nio-9998-exec-3] WARN  o.s.w.s.m.m.a.ExceptionHandlerExceptionResolver - Resolved [java.lang.NumberFormatException: For input string: "60587b5363cf491f4d17968c"]
2021-04-01 22:38:44.981 [http-nio-9998-exec-5] WARN  o.s.w.s.m.m.a.ExceptionHandlerExceptionResolver - Resolved [java.lang.NumberFormatException: For input string: "60587b5363cf491f4d17968c"]
2021-04-01 22:38:56.628 [restartedMain] WARN  org.mybatis.spring.mapper.ClassPathMapperScanner - No MyBatis mapper was found in '[com.atguigu.hospital.mapper]' package. Please check your configuration.
2021-04-01 22:38:58.908 [restartedMain] WARN  org.thymeleaf.templatemode.TemplateMode - [THYMELEAF][restartedMain] Template Mode 'LEGACYHTML5' is deprecated. Using Template Mode 'HTML' instead.
2021-04-01 22:40:08.220 [http-nio-9998-exec-1] WARN  o.s.w.s.m.m.a.ExceptionHandlerExceptionResolver - Resolved [java.lang.NumberFormatException: For input string: "60587b5363cf491f4d17968d"]
2021-04-01 22:43:55.223 [http-nio-9998-exec-3] WARN  o.s.w.s.m.m.a.ExceptionHandlerExceptionResolver - Resolved [java.lang.NumberFormatException: For input string: "60587b5363cf491f4d17968d"]
2021-04-01 22:44:12.587 [restartedMain] WARN  org.mybatis.spring.mapper.ClassPathMapperScanner - No MyBatis mapper was found in '[com.atguigu.hospital.mapper]' package. Please check your configuration.
2021-04-01 22:44:14.344 [restartedMain] WARN  o.s.b.d.autoconfigure.OptionalLiveReloadServer - Unable to start LiveReload server
2021-04-01 22:44:14.412 [restartedMain] WARN  org.thymeleaf.templatemode.TemplateMode - [THYMELEAF][restartedMain] Template Mode 'LEGACYHTML5' is deprecated. Using Template Mode 'HTML' instead.
2021-04-01 22:45:24.949 [http-nio-9998-exec-1] WARN  o.s.w.s.m.m.a.ExceptionHandlerExceptionResolver - Resolved [java.lang.NumberFormatException: For input string: "60587b5363cf491f4d17968d"]
2021-04-01 22:46:59.847 [GuliHikariPool housekeeper] WARN  com.zaxxer.hikari.pool.HikariPool - GuliHikariPool - Thread starvation or clock leap detected (housekeeper delta=45s147ms747µs300ns).
2021-04-01 22:47:32.439 [http-nio-9998-exec-3] WARN  o.s.w.s.m.m.a.ExceptionHandlerExceptionResolver - Resolved [java.lang.NumberFormatException: For input string: "60587b5363cf491f4d17968d"]
2021-04-01 22:49:36.442 [GuliHikariPool housekeeper] WARN  com.zaxxer.hikari.pool.HikariPool - GuliHikariPool - Thread starvation or clock leap detected (housekeeper delta=57s179ms789µs900ns).
2021-04-01 22:50:38.143 [GuliHikariPool housekeeper] WARN  com.zaxxer.hikari.pool.HikariPool - GuliHikariPool - Thread starvation or clock leap detected (housekeeper delta=1m1s700ms720µs300ns).
2021-04-01 22:50:38.149 [http-nio-9998-exec-4] WARN  o.s.w.s.m.m.a.ExceptionHandlerExceptionResolver - Resolved [java.lang.NumberFormatException: For input string: "60587b5363cf491f4d17968d"]
2021-04-01 22:50:50.274 [restartedMain] WARN  org.mybatis.spring.mapper.ClassPathMapperScanner - No MyBatis mapper was found in '[com.atguigu.hospital.mapper]' package. Please check your configuration.
2021-04-01 22:50:52.687 [restartedMain] WARN  org.thymeleaf.templatemode.TemplateMode - [THYMELEAF][restartedMain] Template Mode 'LEGACYHTML5' is deprecated. Using Template Mode 'HTML' instead.
